Using pre-set license
Built from '6000.0/release' branch; Version is '6000.0.44f1 (101c91f3a8fb) revision 1055889'; Using compiler version '193933523'; Build Type 'Release'
OS: 'Windows 11  (10.0.22631) 64bit Professional' Language: 'en' Physical Memory: 20206 MB
BatchMode: 1, IsHumanControllingUs: 0, StartBugReporterOnCrash: 0, Is64bit: 1, IsPro: 1

COMMAND LINE ARGUMENTS:
C:\Program Files\Unity\Hub\Editor\6000.0.44f1\Editor\Unity.exe
-adb2
-batchMode
-noUpm
-name
AssetImportWorker0
-projectPath
E:/Unity/TheDesertExplorarGame
-logFile
Logs/AssetImportWorker0.log
-srvPort
52861
-job-worker-count
3
-background-job-worker-count
8
-gc-helper-count
1
Successfully changed project path to: E:/Unity/TheDesertExplorarGame
E:/Unity/TheDesertExplorarGame
[UnityMemory] Configuration Parameters - Can be set up in boot.config
    "memorysetup-bucket-allocator-granularity=16"
    "memorysetup-bucket-allocator-bucket-count=8"
    "memorysetup-bucket-allocator-block-size=33554432"
    "memorysetup-bucket-allocator-block-count=8"
    "memorysetup-main-allocator-block-size=16777216"
    "memorysetup-thread-allocator-block-size=16777216"
    "memorysetup-gfx-main-allocator-block-size=16777216"
    "memorysetup-gfx-thread-allocator-block-size=16777216"
    "memorysetup-cache-allocator-block-size=4194304"
    "memorysetup-typetree-allocator-block-size=2097152"
    "memorysetup-profiler-bucket-allocator-granularity=16"
    "memorysetup-profiler-bucket-allocator-bucket-count=8"
    "memorysetup-profiler-bucket-allocator-block-size=33554432"
    "memorysetup-profiler-bucket-allocator-block-count=8"
    "memorysetup-profiler-allocator-block-size=16777216"
    "memorysetup-profiler-editor-allocator-block-size=1048576"
    "memorysetup-temp-allocator-size-main=16777216"
    "memorysetup-job-temp-allocator-block-size=2097152"
    "memorysetup-job-temp-allocator-block-size-background=1048576"
    "memorysetup-job-temp-allocator-reduction-small-platforms=262144"
    "memorysetup-allocator-temp-initial-block-size-main=262144"
    "memorysetup-allocator-temp-initial-block-size-worker=262144"
    "memorysetup-temp-allocator-size-background-worker=32768"
    "memorysetup-temp-allocator-size-job-worker=262144"
    "memorysetup-temp-allocator-size-preload-manager=33554432"
    "memorysetup-temp-allocator-size-nav-mesh-worker=65536"
    "memorysetup-temp-allocator-size-audio-worker=65536"
    "memorysetup-temp-allocator-size-cloud-worker=32768"
    "memorysetup-temp-allocator-size-gi-baking-worker=262144"
    "memorysetup-temp-allocator-size-gi-baking-worker=262144"
    "memorysetup-temp-allocator-size-gi-baking-worker=262144"
    "memorysetup-temp-allocator-size-gi-baking-worker=262144"
    "memorysetup-temp-allocator-size-gi-baking-worker=262144"
    "memorysetup-temp-allocator-size-gfx=262144"
Player connection [14608]  Target information:

Player connection [14608]  * "[IP] 192.168.104.91 [Port] 0 [Flags] 2 [Guid] 689233680 [EditorId] 689233680 [Version] 1048832 [Id] WindowsEditor(7,Isu) [Debug] 1 [PackageName] WindowsEditor [ProjectName] Editor" 

Player connection [14608] Host joined multi-casting on [225.0.0.222:54997]...
Player connection [14608] Host joined alternative multi-casting on [225.0.0.222:34997]...
JobSystem: Creating JobQueue using job-worker-count value 3
Input System module state changed to: Initialized.
[Physics::Module] Initialized fallback backend.
[Physics::Module] Id: 0xdecafbad
Library Redirect Path: Library/
[Physics::Module] Selected backend.
[Physics::Module] Name: PhysX
[Physics::Module] Id: 0xf2b8ea05
[Physics::Module] SDK Version: 4.1.2
[Physics::Module] Integration Version: 1.0.0
[Physics::Module] Threading Mode: Multi-Threaded
Refreshing native plugins compatible for Editor in 3.04 ms, found 4 plugins.
Preloading 0 native plugins for Editor in 0.00 ms.
Initialize engine version: 6000.0.44f1 (101c91f3a8fb)
[Subsystems] Discovering subsystems at path C:/Program Files/Unity/Hub/Editor/6000.0.44f1/Editor/Data/Resources/UnitySubsystems
[Subsystems] Discovering subsystems at path E:/Unity/TheDesertExplorarGame/Assets
GfxDevice: creating device client; kGfxThreadingModeNonThreaded
Direct3D:
    Version:  Direct3D 11.0 [level 11.1]
    Renderer: Intel(R) Iris(R) Xe Graphics (ID=0x9a49)
    Vendor:   Intel
    VRAM:     10103 MB
    Driver:   31.0.101.5333
Initialize mono
Mono path[0] = 'C:/Program Files/Unity/Hub/Editor/6000.0.44f1/Editor/Data/Managed'
Mono path[1] = 'C:/Program Files/Unity/Hub/Editor/6000.0.44f1/Editor/Data/MonoBleedingEdge/lib/mono/unityjit-win32'
Mono config path = 'C:/Program Files/Unity/Hub/Editor/6000.0.44f1/Editor/Data/MonoBleedingEdge/etc'
Using monoOptions --debugger-agent=transport=dt_socket,embedding=1,server=y,suspend=n,address=127.0.0.1:56600
Begin MonoManager ReloadAssembly
Registering precompiled unity dll's ...
Register platform support module: C:/Program Files/Unity/Hub/Editor/6000.0.44f1/Editor/Data/PlaybackEngines/WebGLSupport/UnityEditor.WebGL.Extensions.dll
Register platform support module: C:/Program Files/Unity/Hub/Editor/6000.0.44f1/Editor/Data/PlaybackEngines/WindowsStandaloneSupport/UnityEditor.WindowsStandalone.Extensions.dll
Registered in 0.005063 seconds.
- Loaded All Assemblies, in  0.979 seconds
Native extension for WindowsStandalone target not found
Native extension for WebGL target not found
Mono: successfully reloaded assembly
- Finished resetting the current domain, in  0.901 seconds
Domain Reload Profiling: 1878ms
	BeginReloadAssembly (334ms)
		ExecutionOrderSort (0ms)
		DisableScriptedObjects (0ms)
		BackupInstance (0ms)
		ReleaseScriptingObjects (0ms)
		CreateAndSetChildDomain (1ms)
	RebuildCommonClasses (102ms)
	RebuildNativeTypeToScriptingClass (36ms)
	initialDomainReloadingComplete (127ms)
	LoadAllAssembliesAndSetupDomain (376ms)
		LoadAssemblies (331ms)
		RebuildTransferFunctionScriptingTraits (0ms)
		AnalyzeDomain (369ms)
			TypeCache.Refresh (366ms)
				TypeCache.ScanAssembly (336ms)
			BuildScriptInfoCaches (0ms)
			ResolveRequiredComponents (1ms)
	FinalizeReload (902ms)
		ReleaseScriptCaches (0ms)
		RebuildScriptCaches (0ms)
		SetupLoadedEditorAssemblies (789ms)
			LogAssemblyErrors (0ms)
			InitializePlatformSupportModulesInManaged (61ms)
			SetLoadedEditorAssemblies (12ms)
			BeforeProcessingInitializeOnLoad (135ms)
			ProcessInitializeOnLoadAttributes (430ms)
			ProcessInitializeOnLoadMethodAttributes (150ms)
			AfterProcessingInitializeOnLoad (0ms)
			EditorAssembliesLoaded (0ms)
		ExecutionOrderSort2 (0ms)
		AwakeInstancesAfterBackupRestoration (0ms)
========================================================================
Worker process is ready to serve import requests
Import Worker Mode flag is 0x00
Begin MonoManager ReloadAssembly
- Loaded All Assemblies, in  2.120 seconds
Refreshing native plugins compatible for Editor in 2.25 ms, found 4 plugins.
Native extension for WindowsStandalone target not found
Native extension for WebGL target not found
Mono: successfully reloaded assembly
- Finished resetting the current domain, in  2.227 seconds
Domain Reload Profiling: 4338ms
	BeginReloadAssembly (515ms)
		ExecutionOrderSort (0ms)
		DisableScriptedObjects (21ms)
		BackupInstance (0ms)
		ReleaseScriptingObjects (0ms)
		CreateAndSetChildDomain (79ms)
	RebuildCommonClasses (110ms)
	RebuildNativeTypeToScriptingClass (30ms)
	initialDomainReloadingComplete (99ms)
	LoadAllAssembliesAndSetupDomain (1356ms)
		LoadAssemblies (1005ms)
		RebuildTransferFunctionScriptingTraits (0ms)
		AnalyzeDomain (672ms)
			TypeCache.Refresh (501ms)
				TypeCache.ScanAssembly (468ms)
			BuildScriptInfoCaches (139ms)
			ResolveRequiredComponents (26ms)
	FinalizeReload (2228ms)
		ReleaseScriptCaches (0ms)
		RebuildScriptCaches (0ms)
		SetupLoadedEditorAssemblies (1856ms)
			LogAssemblyErrors (0ms)
			InitializePlatformSupportModulesInManaged (7ms)
			SetLoadedEditorAssemblies (8ms)
			BeforeProcessingInitializeOnLoad (336ms)
			ProcessInitializeOnLoadAttributes (1098ms)
			ProcessInitializeOnLoadMethodAttributes (392ms)
			AfterProcessingInitializeOnLoad (13ms)
			EditorAssembliesLoaded (1ms)
		ExecutionOrderSort2 (0ms)
		AwakeInstancesAfterBackupRestoration (18ms)
Launched and connected shader compiler UnityShaderCompiler.exe after 0.04 seconds
Refreshing native plugins compatible for Editor in 2.24 ms, found 4 plugins.
Preloading 0 native plugins for Editor in 0.00 ms.
Unloading 220 Unused Serialized files (Serialized files now loaded: 0)
Unloading 6612 unused Assets / (7.0 MB). Loaded Objects now: 7271.
Memory consumption went from 172.5 MB to 165.6 MB.
Total: 21.202700 ms (FindLiveObjects: 1.341800 ms CreateObjectMapping: 0.925900 ms MarkObjects: 9.442200 ms  DeleteObjects: 9.488800 ms)

========================================================================
Received Import Request.
  Time since last request: 564.674650 seconds.
  path: Assets/Decorations/Pixel Art Grassland Tileset 32x32/tilesetgrass.png
  artifactKey: Guid(ecb58d9b406c37e4eb02af2e17f789c1) Importer(815301076,1909f56bfc062723c751e8b465ee728b)
Start importing Assets/Decorations/Pixel Art Grassland Tileset 32x32/tilesetgrass.png using Guid(ecb58d9b406c37e4eb02af2e17f789c1) Importer(815301076,1909f56bfc062723c751e8b465ee728b) (PreviewImporter) -> (artifact id: '104f7abd0b7b7888488a45f368bccbc6') in 0.26397 seconds
Number of updated asset objects reloaded before import = 0Number of asset objects unloaded after import = 6

========================================================================
Received Import Request.
  Time since last request: 0.000044 seconds.
  path: Assets/Decorations/Pixel Art Grassland Tileset 32x32/tree.png
  artifactKey: Guid(19a26733b3a5cfc418179a9da388fd98) Importer(815301076,1909f56bfc062723c751e8b465ee728b)
Start importing Assets/Decorations/Pixel Art Grassland Tileset 32x32/tree.png using Guid(19a26733b3a5cfc418179a9da388fd98) Importer(815301076,1909f56bfc062723c751e8b465ee728b) (PreviewImporter) -> (artifact id: '7dba35ca3f510c7d912084386a63ec74') in 0.0433294 seconds
Number of updated asset objects reloaded before import = 0Number of asset objects unloaded after import = 4

========================================================================
Received Import Request.
  Time since last request: 0.000111 seconds.
  path: Assets/Decorations/Pixel Art Grassland Tileset 32x32/bush.png
  artifactKey: Guid(0aef2399c6c1fcf4fa17fcc6d5f1a743) Importer(815301076,1909f56bfc062723c751e8b465ee728b)
Start importing Assets/Decorations/Pixel Art Grassland Tileset 32x32/bush.png using Guid(0aef2399c6c1fcf4fa17fcc6d5f1a743) Importer(815301076,1909f56bfc062723c751e8b465ee728b) (PreviewImporter) -> (artifact id: 'fdf3f7663a31d9a2c11dfc8b3d21a182') in 0.0435576 seconds
Number of updated asset objects reloaded before import = 0Number of asset objects unloaded after import = 3

========================================================================
Received Import Request.
  Time since last request: 37.225182 seconds.
  path: Assets/Decorations/Pixel Art Grassland Tileset 32x32/tilesetgrass.png
  artifactKey: Guid(ecb58d9b406c37e4eb02af2e17f789c1) Importer(815301076,1909f56bfc062723c751e8b465ee728b)
Start importing Assets/Decorations/Pixel Art Grassland Tileset 32x32/tilesetgrass.png using Guid(ecb58d9b406c37e4eb02af2e17f789c1) Importer(815301076,1909f56bfc062723c751e8b465ee728b) (PreviewImporter) -> (artifact id: '8d3c66df69e958d6a4502a55814403d1') in 0.2062721 seconds
Number of updated asset objects reloaded before import = 0Number of asset objects unloaded after import = 38

========================================================================
Received Import Request.
  Time since last request: 109.780957 seconds.
  path: Assets/Decorations/Grass And Road Tiles/Full.png
  artifactKey: Guid(9c7602180ae859c4b96e3ef60861d086) Importer(815301076,1909f56bfc062723c751e8b465ee728b)
Start importing Assets/Decorations/Grass And Road Tiles/Full.png using Guid(9c7602180ae859c4b96e3ef60861d086) Importer(815301076,1909f56bfc062723c751e8b465ee728b) (PreviewImporter) -> (artifact id: 'e741c21a69f3b84fe5dcdd337414b72d') in 0.0403677 seconds
Number of updated asset objects reloaded before import = 0Number of asset objects unloaded after import = 3

========================================================================
Received Import Request.
  Time since last request: 24.226898 seconds.
  path: Assets/Decorations/Grass And Road Tiles/Full.png
  artifactKey: Guid(9c7602180ae859c4b96e3ef60861d086) Importer(815301076,1909f56bfc062723c751e8b465ee728b)
Start importing Assets/Decorations/Grass And Road Tiles/Full.png using Guid(9c7602180ae859c4b96e3ef60861d086) Importer(815301076,1909f56bfc062723c751e8b465ee728b) (PreviewImporter) -> (artifact id: '7808089c9a458e616bac44469d22490c') in 0.2472701 seconds
Number of updated asset objects reloaded before import = 0Number of asset objects unloaded after import = 57

========================================================================
Received Import Request.
  Time since last request: 284.341689 seconds.
  path: Assets/Top Down Adventure Assets
  artifactKey: Guid(69de786ed5d9f124da1a20eb23ba2e7c) Importer(815301076,1909f56bfc062723c751e8b465ee728b)
Start importing Assets/Top Down Adventure Assets using Guid(69de786ed5d9f124da1a20eb23ba2e7c) Importer(815301076,1909f56bfc062723c751e8b465ee728b) (PreviewImporter) -> (artifact id: 'c143ddb89cc7da1a1770ea0ec5bec9ee') in 0.0017688 seconds
Number of updated asset objects reloaded before import = 0Number of asset objects unloaded after import = 0

========================================================================
Received Import Request.
  Time since last request: 3.190360 seconds.
  path: Assets/Top Down Adventure Assets/Scenes
  artifactKey: Guid(979a7780b39984abd915867ab315739c) Importer(815301076,1909f56bfc062723c751e8b465ee728b)
Start importing Assets/Top Down Adventure Assets/Scenes using Guid(979a7780b39984abd915867ab315739c) Importer(815301076,1909f56bfc062723c751e8b465ee728b) (PreviewImporter) -> (artifact id: '29c11a2391ea236fde481b8c170d6d9d') in 0.0018569 seconds
Number of updated asset objects reloaded before import = 0Number of asset objects unloaded after import = 0

========================================================================
Received Import Request.
  Time since last request: 3.859284 seconds.
  path: Assets/Top Down Adventure Assets/sounds
  artifactKey: Guid(4b83676c493d4440da319b4d3470c370) Importer(815301076,1909f56bfc062723c751e8b465ee728b)
Start importing Assets/Top Down Adventure Assets/sounds using Guid(4b83676c493d4440da319b4d3470c370) Importer(815301076,1909f56bfc062723c751e8b465ee728b) (PreviewImporter) -> (artifact id: '00382ae78bb4c907ffab041fd6d1d3f9') in 0.0010289 seconds
Number of updated asset objects reloaded before import = 0Number of asset objects unloaded after import = 0

========================================================================
Received Import Request.
  Time since last request: 1.641906 seconds.
  path: Assets/Top Down Adventure Assets/Visuals
  artifactKey: Guid(18e176040252547b0b2ae7537d361325) Importer(815301076,1909f56bfc062723c751e8b465ee728b)
Start importing Assets/Top Down Adventure Assets/Visuals using Guid(18e176040252547b0b2ae7537d361325) Importer(815301076,1909f56bfc062723c751e8b465ee728b) (PreviewImporter) -> (artifact id: 'ed1e47d46bad65c4575d3ac09c9555fd') in 0.0014789 seconds
Number of updated asset objects reloaded before import = 0Number of asset objects unloaded after import = 0

========================================================================
Received Import Request.
  Time since last request: 1.743260 seconds.
  path: Assets/Top Down Adventure Assets/Visuals/ENVIRONMENT/eye.png
  artifactKey: Guid(6ba7c1fd55b0e4747bf78e801332f4f0) Importer(815301076,1909f56bfc062723c751e8b465ee728b)
Start importing Assets/Top Down Adventure Assets/Visuals/ENVIRONMENT/eye.png using Guid(6ba7c1fd55b0e4747bf78e801332f4f0) Importer(815301076,1909f56bfc062723c751e8b465ee728b) (PreviewImporter) -> (artifact id: '36d02efd7ae0aa5fb73332ec3eb44a47') in 0.0366644 seconds
Number of updated asset objects reloaded before import = 0Number of asset objects unloaded after import = 3

========================================================================
Received Import Request.
  Time since last request: 0.000030 seconds.
  path: Assets/Top Down Adventure Assets/Visuals/ENVIRONMENT
  artifactKey: Guid(a1c762fa3081d43b8aced71e6a103b42) Importer(815301076,1909f56bfc062723c751e8b465ee728b)
Start importing Assets/Top Down Adventure Assets/Visuals/ENVIRONMENT using Guid(a1c762fa3081d43b8aced71e6a103b42) Importer(815301076,1909f56bfc062723c751e8b465ee728b) (PreviewImporter) -> (artifact id: 'f3cd6882a7263842a7935c0bc823aa95') in 0.001669 seconds
Number of updated asset objects reloaded before import = 0Number of asset objects unloaded after import = 0

========================================================================
Received Import Request.
  Time since last request: 1.732110 seconds.
  path: Assets/Top Down Adventure Assets/Visuals/ENVIRONMENT/tilesets/dungeon-tileset.png
  artifactKey: Guid(f15472e0666d044db9bfb88bc170ad9b) Importer(815301076,1909f56bfc062723c751e8b465ee728b)
Start importing Assets/Top Down Adventure Assets/Visuals/ENVIRONMENT/tilesets/dungeon-tileset.png using Guid(f15472e0666d044db9bfb88bc170ad9b) Importer(815301076,1909f56bfc062723c751e8b465ee728b) (PreviewImporter) -> (artifact id: '72ec3742adb0f09daf00be01bc3191dc') in 0.0410012 seconds
Number of updated asset objects reloaded before import = 0Number of asset objects unloaded after import = 3

========================================================================
Received Import Request.
  Time since last request: 0.000025 seconds.
  path: Assets/Top Down Adventure Assets/Visuals/ENVIRONMENT/tilesets
  artifactKey: Guid(0753475e944bb4cd3bfe8ee0bb13d7c6) Importer(815301076,1909f56bfc062723c751e8b465ee728b)
Start importing Assets/Top Down Adventure Assets/Visuals/ENVIRONMENT/tilesets using Guid(0753475e944bb4cd3bfe8ee0bb13d7c6) Importer(815301076,1909f56bfc062723c751e8b465ee728b) (PreviewImporter) -> (artifact id: '2eac9a7cb1bb74ea04d383dbaad6dae2') in 0.0017762 seconds
Number of updated asset objects reloaded before import = 0Number of asset objects unloaded after import = 0

========================================================================
Received Import Request.
  Time since last request: 21.391284 seconds.
  path: Assets/Top Down Adventure Assets/Visuals/ENVIRONMENT/waterfall
  artifactKey: Guid(67afd4aec55ae4a01843d54646d7cae7) Importer(815301076,1909f56bfc062723c751e8b465ee728b)
Start importing Assets/Top Down Adventure Assets/Visuals/ENVIRONMENT/waterfall using Guid(67afd4aec55ae4a01843d54646d7cae7) Importer(815301076,1909f56bfc062723c751e8b465ee728b) (PreviewImporter) -> (artifact id: '4d2d5d78e9a6bc3591e0ffcaed6bcadf') in 0.0013272 seconds
Number of updated asset objects reloaded before import = 0Number of asset objects unloaded after import = 0

========================================================================
Received Import Request.
  Time since last request: 2.230141 seconds.
  path: Assets/Top Down Adventure Assets/Visuals/ENVIRONMENT/cave-trap
  artifactKey: Guid(a66c11019c41944f499b59030fca74fa) Importer(815301076,1909f56bfc062723c751e8b465ee728b)
Start importing Assets/Top Down Adventure Assets/Visuals/ENVIRONMENT/cave-trap using Guid(a66c11019c41944f499b59030fca74fa) Importer(815301076,1909f56bfc062723c751e8b465ee728b) (PreviewImporter) -> (artifact id: '0da95e2a8da198e3fd699f6b734bd37a') in 0.0007829 seconds
Number of updated asset objects reloaded before import = 0Number of asset objects unloaded after import = 0

========================================================================
Received Import Request.
  Time since last request: 188.317313 seconds.
  path: Assets/Decorations/Tile1.asset
  artifactKey: Guid(64dc6022a69ac9640a1268b10873fdd5) Importer(815301076,1909f56bfc062723c751e8b465ee728b)
Start importing Assets/Decorations/Tile1.asset using Guid(64dc6022a69ac9640a1268b10873fdd5) Importer(815301076,1909f56bfc062723c751e8b465ee728b) (PreviewImporter) -> (artifact id: 'a88adcf5274206c77743019a818d5156') in 0.0079315 seconds
Number of updated asset objects reloaded before import = 0Number of asset objects unloaded after import = 1

========================================================================
Received Import Request.
  Time since last request: 6.935121 seconds.
  path: Assets/Decorations/New Palette 2.prefab
  artifactKey: Guid(8d365abccf286f1438b5100b12da4555) Importer(815301076,1909f56bfc062723c751e8b465ee728b)
Start importing Assets/Decorations/New Palette 2.prefab using Guid(8d365abccf286f1438b5100b12da4555) Importer(815301076,1909f56bfc062723c751e8b465ee728b) (PreviewImporter) -> (artifact id: 'f7e95b8e4e2ac6026d3b6bb2e6114dfb') in 0.6839639 seconds
Number of updated asset objects reloaded before import = 0Number of asset objects unloaded after import = 16

========================================================================
Received Import Request.
  Time since last request: 53.314197 seconds.
  path: Assets/Decorations/Tile1.png
  artifactKey: Guid(1c95f4b15c5738c4c858a2fd9f1bd828) Importer(815301076,1909f56bfc062723c751e8b465ee728b)
Start importing Assets/Decorations/Tile1.png using Guid(1c95f4b15c5738c4c858a2fd9f1bd828) Importer(815301076,1909f56bfc062723c751e8b465ee728b) (PreviewImporter) -> (artifact id: 'fb3461eda6967c84e3f088488e0d3104') in 0.0183593 seconds
Number of updated asset objects reloaded before import = 0Number of asset objects unloaded after import = 3

========================================================================
Received Import Request.
  Time since last request: 34.541058 seconds.
  path: Assets/Decorations/Tile1.png
  artifactKey: Guid(1c95f4b15c5738c4c858a2fd9f1bd828) Importer(815301076,1909f56bfc062723c751e8b465ee728b)
Start importing Assets/Decorations/Tile1.png using Guid(1c95f4b15c5738c4c858a2fd9f1bd828) Importer(815301076,1909f56bfc062723c751e8b465ee728b) (PreviewImporter) -> (artifact id: 'b8ab64c91fce7653a2670ef33e4023fb') in 0.0309968 seconds
Number of updated asset objects reloaded before import = 0Number of asset objects unloaded after import = 6

========================================================================
Received Import Request.
  Time since last request: 54.620374 seconds.
  path: Assets/Decorations/Tile1.png
  artifactKey: Guid(1c95f4b15c5738c4c858a2fd9f1bd828) Importer(815301076,1909f56bfc062723c751e8b465ee728b)
Start importing Assets/Decorations/Tile1.png using Guid(1c95f4b15c5738c4c858a2fd9f1bd828) Importer(815301076,1909f56bfc062723c751e8b465ee728b) (PreviewImporter) -> (artifact id: 'c389aa19b4bf3b109cc9d29b7d2bd954') in 0.0420768 seconds
Number of updated asset objects reloaded before import = 0Number of asset objects unloaded after import = 3

========================================================================
Received Import Request.
  Time since last request: 44.356925 seconds.
  path: Assets/Decorations/Tile1.png
  artifactKey: Guid(1c95f4b15c5738c4c858a2fd9f1bd828) Importer(815301076,1909f56bfc062723c751e8b465ee728b)
Start importing Assets/Decorations/Tile1.png using Guid(1c95f4b15c5738c4c858a2fd9f1bd828) Importer(815301076,1909f56bfc062723c751e8b465ee728b) (PreviewImporter) -> (artifact id: '2ded5a2eddd9e1a6b11d8efbdd2c9493') in 0.0238113 seconds
Number of updated asset objects reloaded before import = 0Number of asset objects unloaded after import = 3

========================================================================
Received Import Request.
  Time since last request: 645.764812 seconds.
  path: Assets/Decorations/Grass And Road Tiles
  artifactKey: Guid(32b7f66161d28744e96adf9fc50d26de) Importer(815301076,1909f56bfc062723c751e8b465ee728b)
Start importing Assets/Decorations/Grass And Road Tiles using Guid(32b7f66161d28744e96adf9fc50d26de) Importer(815301076,1909f56bfc062723c751e8b465ee728b) (PreviewImporter) -> (artifact id: '5e7cbc2f8be55bd316b1d484d5808be8') in 0.0011981 seconds
Number of updated asset objects reloaded before import = 0Number of asset objects unloaded after import = 0

========================================================================
Received Import Request.
  Time since last request: 29.173041 seconds.
  path: Assets/Decorations/Grass And Road Tiles/Full.png
  artifactKey: Guid(9c7602180ae859c4b96e3ef60861d086) Importer(815301076,1909f56bfc062723c751e8b465ee728b)
Start importing Assets/Decorations/Grass And Road Tiles/Full.png using Guid(9c7602180ae859c4b96e3ef60861d086) Importer(815301076,1909f56bfc062723c751e8b465ee728b) (PreviewImporter) -> (artifact id: 'e795f797a5426c66cba0d8fd2b5e5e83') in 0.3770174 seconds
Number of updated asset objects reloaded before import = 0Number of asset objects unloaded after import = 57

========================================================================
Received Import Request.
  Time since last request: 9.503482 seconds.
  path: Assets/Decorations/Materials/building_1.mat
  artifactKey: Guid(3d5fa5ce49393a441b033eae2ee26b17) Importer(815301076,1909f56bfc062723c751e8b465ee728b)
Start importing Assets/Decorations/Materials/building_1.mat using Guid(3d5fa5ce49393a441b033eae2ee26b17) Importer(815301076,1909f56bfc062723c751e8b465ee728b) (PreviewImporter) -> (artifact id: 'cfd2887908ae6cb037abefb9bf39c98a') in 0.2424641 seconds
Number of updated asset objects reloaded before import = 0Number of asset objects unloaded after import = 2

========================================================================
Received Import Request.
  Time since last request: 0.000044 seconds.
  path: Assets/Decorations/Materials/greenery_2.mat
  artifactKey: Guid(f27e18a4da8bc7643a3d0df55ac72384) Importer(815301076,1909f56bfc062723c751e8b465ee728b)
Start importing Assets/Decorations/Materials/greenery_2.mat using Guid(f27e18a4da8bc7643a3d0df55ac72384) Importer(815301076,1909f56bfc062723c751e8b465ee728b) (PreviewImporter) -> (artifact id: '6d8d97e0216e4d12905318feb0db2dc2') in 0.0286942 seconds
Number of updated asset objects reloaded before import = 0Number of asset objects unloaded after import = 2

========================================================================
Received Import Request.
  Time since last request: 0.000037 seconds.
  path: Assets/Decorations/Materials/road_7.mat
  artifactKey: Guid(e22b19dbf9047834c8cde02c643000ec) Importer(815301076,1909f56bfc062723c751e8b465ee728b)
Start importing Assets/Decorations/Materials/road_7.mat using Guid(e22b19dbf9047834c8cde02c643000ec) Importer(815301076,1909f56bfc062723c751e8b465ee728b) (PreviewImporter) -> (artifact id: '2d3c0055cc41f920a6ee6ec89ad9ebdd') in 0.4356393 seconds
Number of updated asset objects reloaded before import = 0Number of asset objects unloaded after import = 2

========================================================================
Received Import Request.
  Time since last request: 0.000031 seconds.
  path: Assets/Decorations/Materials/greenery_4.mat
  artifactKey: Guid(115cd5475a7767245bbb57dcb204cd69) Importer(815301076,1909f56bfc062723c751e8b465ee728b)
Start importing Assets/Decorations/Materials/greenery_4.mat using Guid(115cd5475a7767245bbb57dcb204cd69) Importer(815301076,1909f56bfc062723c751e8b465ee728b) (PreviewImporter) -> (artifact id: '2cd5aba38009c5ed96a337423847a1b0') in 0.0770562 seconds
Number of updated asset objects reloaded before import = 0Number of asset objects unloaded after import = 2

========================================================================
Received Import Request.
  Time since last request: 0.000042 seconds.
  path: Assets/Decorations/Materials/road_8.mat
  artifactKey: Guid(65252d64621e4124491832c036537a7b) Importer(815301076,1909f56bfc062723c751e8b465ee728b)
Start importing Assets/Decorations/Materials/road_8.mat using Guid(65252d64621e4124491832c036537a7b) Importer(815301076,1909f56bfc062723c751e8b465ee728b) (PreviewImporter) -> (artifact id: 'b03a83754bfe28dd94adac8b76edc099') in 0.0382081 seconds
Number of updated asset objects reloaded before import = 0Number of asset objects unloaded after import = 2

========================================================================
Received Import Request.
  Time since last request: 0.000035 seconds.
  path: Assets/Decorations/Materials/greenery_8.mat
  artifactKey: Guid(f764ecce29703094087fd41fe1f5b936) Importer(815301076,1909f56bfc062723c751e8b465ee728b)
Start importing Assets/Decorations/Materials/greenery_8.mat using Guid(f764ecce29703094087fd41fe1f5b936) Importer(815301076,1909f56bfc062723c751e8b465ee728b) (PreviewImporter) -> (artifact id: 'a0488e04c48aea0c582e79ce9ada88c2') in 0.0965051 seconds
Number of updated asset objects reloaded before import = 0Number of asset objects unloaded after import = 2

========================================================================
Received Import Request.
  Time since last request: 11.968925 seconds.
  path: Assets/Decorations/Tile1.png
  artifactKey: Guid(1c95f4b15c5738c4c858a2fd9f1bd828) Importer(815301076,1909f56bfc062723c751e8b465ee728b)
Start importing Assets/Decorations/Tile1.png using Guid(1c95f4b15c5738c4c858a2fd9f1bd828) Importer(815301076,1909f56bfc062723c751e8b465ee728b) (PreviewImporter) -> (artifact id: '97e421d4422a1b060604ee5e833af749') in 0.0111954 seconds
Number of updated asset objects reloaded before import = 0Number of asset objects unloaded after import = 3

========================================================================
Received Import Request.
  Time since last request: 253.052595 seconds.
  path: Assets/Decorations/GRASS+.png
  artifactKey: Guid(759bcdbc22ba14e4aada2f41988c1de3) Importer(815301076,1909f56bfc062723c751e8b465ee728b)
Start importing Assets/Decorations/GRASS+.png using Guid(759bcdbc22ba14e4aada2f41988c1de3) Importer(815301076,1909f56bfc062723c751e8b465ee728b) (PreviewImporter) -> (artifact id: '3b734e595828aeee1285a24432fc57ad') in 0.9742947 seconds
Number of updated asset objects reloaded before import = 0Number of asset objects unloaded after import = 347

========================================================================
Received Import Request.
  Time since last request: 113.595275 seconds.
  path: Assets/Decorations/New Palette 2.prefab
  artifactKey: Guid(8d365abccf286f1438b5100b12da4555) Importer(815301076,1909f56bfc062723c751e8b465ee728b)
Start importing Assets/Decorations/New Palette 2.prefab using Guid(8d365abccf286f1438b5100b12da4555) Importer(815301076,1909f56bfc062723c751e8b465ee728b) (PreviewImporter) -> (artifact id: '2a8427d8ab4accdff4ca756105dff045') in 0.0208405 seconds
Number of updated asset objects reloaded before import = 0Number of asset objects unloaded after import = 15

========================================================================
Received Prepare
Begin MonoManager ReloadAssembly
- Loaded All Assemblies, in  2.472 seconds
Refreshing native plugins compatible for Editor in 3.01 ms, found 4 plugins.
Native extension for WindowsStandalone target not found
Native extension for WebGL target not found
Mono: successfully reloaded assembly
- Finished resetting the current domain, in  1.828 seconds
Domain Reload Profiling: 4311ms
	BeginReloadAssembly (880ms)
		ExecutionOrderSort (1ms)
		DisableScriptedObjects (143ms)
		BackupInstance (0ms)
		ReleaseScriptingObjects (1ms)
		CreateAndSetChildDomain (294ms)
	RebuildCommonClasses (72ms)
	RebuildNativeTypeToScriptingClass (35ms)
	initialDomainReloadingComplete (58ms)
	LoadAllAssembliesAndSetupDomain (1437ms)
		LoadAssemblies (1033ms)
		RebuildTransferFunctionScriptingTraits (0ms)
		AnalyzeDomain (686ms)
			TypeCache.Refresh (25ms)
				TypeCache.ScanAssembly (0ms)
			BuildScriptInfoCaches (607ms)
			ResolveRequiredComponents (39ms)
	FinalizeReload (1829ms)
		ReleaseScriptCaches (0ms)
		RebuildScriptCaches (0ms)
		SetupLoadedEditorAssemblies (1281ms)
			LogAssemblyErrors (0ms)
			InitializePlatformSupportModulesInManaged (8ms)
			SetLoadedEditorAssemblies (7ms)
			BeforeProcessingInitializeOnLoad (265ms)
			ProcessInitializeOnLoadAttributes (857ms)
			ProcessInitializeOnLoadMethodAttributes (137ms)
			AfterProcessingInitializeOnLoad (6ms)
			EditorAssembliesLoaded (0ms)
		ExecutionOrderSort2 (0ms)
		AwakeInstancesAfterBackupRestoration (21ms)
Refreshing native plugins compatible for Editor in 2.95 ms, found 4 plugins.
Preloading 0 native plugins for Editor in 0.00 ms.
Unloading 40 Unused Serialized files (Serialized files now loaded: 0)
Unloading 6610 unused Assets / (7.4 MB). Loaded Objects now: 7366.
Memory consumption went from 155.4 MB to 148.0 MB.
Total: 32.192400 ms (FindLiveObjects: 2.061700 ms CreateObjectMapping: 1.818400 ms MarkObjects: 15.298700 ms  DeleteObjects: 13.010800 ms)

Prepare: number of updated asset objects reloaded= 0
